P:\PROJEKTY C++\BRAINTHREAD\BRAINTHREADIDE\BRAINTHREADIDE\DEBUG\.NETFRAMEWORK,VERSION=V4.0.ASSEMBLYATTRIBUTES.OBJ
P:\PROJEKTY C++\BRAINTHREAD\BRAINTHREADIDE\BRAINTHREADIDE\DEBUG\APP.RES
P:\PROJEKTY C++\BRAINTHREAD\BRAINTHREADIDE\BRAINTHREADIDE\DEBUG\ASSEMBLYINFO.OBJ
P:\Projekty c++\Brainthread\BrainthreadIDE\BrainthreadIDE\Debug\BrainthreadIDE.exe.intermediate.manifest
P:\Projekty c++\Brainthread\BrainthreadIDE\BrainthreadIDE\Debug\BrainthreadIDE.FormInsert.resources
P:\Projekty c++\Brainthread\BrainthreadIDE\BrainthreadIDE\Debug\BrainthreadIDE.FormMain.resources
P:\Projekty c++\Brainthread\BrainthreadIDE\BrainthreadIDE\Debug\BrainthreadIDE.FormOptions.resources
P:\Projekty c++\Brainthread\BrainthreadIDE\BrainthreadIDE\Debug\BrainthreadIDE.IdeOptions.resources
P:\PROJEKTY C++\BRAINTHREAD\BRAINTHREADIDE\BRAINTHREADIDE\DEBUG\BRAINTHREADIDE.OBJ
P:\PROJEKTY C++\BRAINTHREAD\BRAINTHREADIDE\BRAINTHREADIDE\DEBUG\BRAINTHREADIDE.PCH
P:\Projekty c++\Brainthread\BrainthreadIDE\BrainthreadIDE\Debug\BrainthreadIDE.vcxproj.GenerateResource.Cache
P:\Projekty c++\Brainthread\BrainthreadIDE\BrainthreadIDE\Debug\BrainthreadIDE.vcxprojResolveAssemblyReference.cache
P:\Projekty c++\Brainthread\BrainthreadIDE\BrainthreadIDE\Debug\BrainthreadIDE.write.1.tlog
P:\PROJEKTY C++\BRAINTHREAD\BRAINTHREADIDE\BRAINTHREADIDE\DEBUG\BREAKPOINT.OBJ
P:\PROJEKTY C++\BRAINTHREAD\BRAINTHREADIDE\BRAINTHREADIDE\DEBUG\BTCONSTANTSCREATOR.OBJ
P:\Projekty c++\Brainthread\BrainthreadIDE\BrainthreadIDE\Debug\cl.command.1.tlog
P:\Projekty c++\Brainthread\BrainthreadIDE\BrainthreadIDE\Debug\CL.read.1.tlog
P:\Projekty c++\Brainthread\BrainthreadIDE\BrainthreadIDE\Debug\CL.write.1.tlog
P:\PROJEKTY C++\BRAINTHREAD\BRAINTHREADIDE\BRAINTHREADIDE\DEBUG\CODEANALYSISPROCESS.OBJ
P:\PROJEKTY C++\BRAINTHREAD\BRAINTHREADIDE\BRAINTHREADIDE\DEBUG\CODEPARSEPROCESS.OBJ
P:\PROJEKTY C++\BRAINTHREAD\BRAINTHREADIDE\BRAINTHREADIDE\DEBUG\DEBUGCODEPROCESS.OBJ
P:\PROJEKTY C++\BRAINTHREAD\BRAINTHREADIDE\BRAINTHREADIDE\DEBUG\DEBUGGER.OBJ
P:\PROJEKTY C++\BRAINTHREAD\BRAINTHREADIDE\BRAINTHREADIDE\DEBUG\DEBUGGERLOOP.OBJ
P:\PROJEKTY C++\BRAINTHREAD\BRAINTHREADIDE\BRAINTHREADIDE\DEBUG\DEBUGTIMEEXCEPTION.OBJ
P:\PROJEKTY C++\BRAINTHREAD\BRAINTHREADIDE\BRAINTHREADIDE\DEBUG\GLOBALOPTIONS.OBJ
P:\PROJEKTY C++\BRAINTHREAD\BRAINTHREADIDE\BRAINTHREADIDE\DEBUG\INTERPRETERPROCESS.OBJ
P:\Projekty c++\Brainthread\BrainthreadIDE\BrainthreadIDE\Debug\KERNELBASE.DLL.bi
P:\Projekty c++\Brainthread\BrainthreadIDE\BrainthreadIDE\Debug\link.1632.read.1.tlog
P:\Projekty c++\Brainthread\BrainthreadIDE\BrainthreadIDE\Debug\link.1632.write.1.tlog
P:\Projekty c++\Brainthread\BrainthreadIDE\BrainthreadIDE\Debug\link.1632-cvtres.read.1.tlog
P:\Projekty c++\Brainthread\BrainthreadIDE\BrainthreadIDE\Debug\link.1632-cvtres.write.1.tlog
P:\Projekty c++\Brainthread\BrainthreadIDE\BrainthreadIDE\Debug\link.4052.read.1.tlog
P:\Projekty c++\Brainthread\BrainthreadIDE\BrainthreadIDE\Debug\link.4052.write.1.tlog
P:\Projekty c++\Brainthread\BrainthreadIDE\BrainthreadIDE\Debug\link.4052-cvtres.read.1.tlog
P:\Projekty c++\Brainthread\BrainthreadIDE\BrainthreadIDE\Debug\link.4052-cvtres.write.1.tlog
P:\Projekty c++\Brainthread\BrainthreadIDE\BrainthreadIDE\Debug\link.4792.read.1.tlog
P:\Projekty c++\Brainthread\BrainthreadIDE\BrainthreadIDE\Debug\link.4792.write.1.tlog
P:\Projekty c++\Brainthread\BrainthreadIDE\BrainthreadIDE\Debug\link.4792-cvtres.read.1.tlog
P:\Projekty c++\Brainthread\BrainthreadIDE\BrainthreadIDE\Debug\link.4792-cvtres.write.1.tlog
P:\Projekty c++\Brainthread\BrainthreadIDE\BrainthreadIDE\Debug\link.5896.read.1.tlog
P:\Projekty c++\Brainthread\BrainthreadIDE\BrainthreadIDE\Debug\link.5896.write.1.tlog
P:\Projekty c++\Brainthread\BrainthreadIDE\BrainthreadIDE\Debug\link.5896-cvtres.read.1.tlog
P:\Projekty c++\Brainthread\BrainthreadIDE\BrainthreadIDE\Debug\link.5896-cvtres.write.1.tlog
P:\Projekty c++\Brainthread\BrainthreadIDE\BrainthreadIDE\Debug\link.command.1.tlog
P:\Projekty c++\Brainthread\BrainthreadIDE\BrainthreadIDE\Debug\link.read.1.tlog
P:\Projekty c++\Brainthread\BrainthreadIDE\BrainthreadIDE\Debug\link.write.1.tlog
P:\Projekty c++\Brainthread\BrainthreadIDE\BrainthreadIDE\Debug\metagen.read.1.tlog
P:\Projekty c++\Brainthread\BrainthreadIDE\BrainthreadIDE\Debug\metagen.write.1.tlog
P:\Projekty c++\Brainthread\BrainthreadIDE\BrainthreadIDE\Debug\mt.command.1.tlog
P:\Projekty c++\Brainthread\BrainthreadIDE\BrainthreadIDE\Debug\mt.read.1.tlog
P:\Projekty c++\Brainthread\BrainthreadIDE\BrainthreadIDE\Debug\mt.write.1.tlog
P:\Projekty c++\Brainthread\BrainthreadIDE\BrainthreadIDE\Debug\NTDLL.DLL.bi
P:\PROJEKTY C++\BRAINTHREAD\BRAINTHREADIDE\BRAINTHREADIDE\DEBUG\OPTIOMFIELD.OBJ
P:\PROJEKTY C++\BRAINTHREAD\BRAINTHREADIDE\BRAINTHREADIDE\DEBUG\OUTPUTLISTER.OBJ
P:\PROJEKTY C++\BRAINTHREAD\BRAINTHREADIDE\BRAINTHREADIDE\DEBUG\PAGESETTINGS.OBJ
P:\Projekty c++\Brainthread\BrainthreadIDE\BrainthreadIDE\Debug\rc.command.1.tlog
P:\Projekty c++\Brainthread\BrainthreadIDE\BrainthreadIDE\Debug\rc.read.1.tlog
P:\Projekty c++\Brainthread\BrainthreadIDE\BrainthreadIDE\Debug\rc.write.1.tlog
P:\Projekty c++\Brainthread\BrainthreadIDE\BrainthreadIDE\Debug\RSAENH.DLL.bi
P:\PROJEKTY C++\BRAINTHREAD\BRAINTHREADIDE\BRAINTHREADIDE\DEBUG\RUNCODEPROCESS.OBJ
P:\PROJEKTY C++\BRAINTHREAD\BRAINTHREADIDE\BRAINTHREADIDE\DEBUG\RUNCODEREDIRECTIONPROCESS.OBJ
P:\PROJEKTY C++\BRAINTHREAD\BRAINTHREADIDE\BRAINTHREADIDE\DEBUG\RUNCODESEPARATEPROCESS.OBJ
P:\PROJEKTY C++\BRAINTHREAD\BRAINTHREADIDE\BRAINTHREADIDE\DEBUG\STDAFX.OBJ
P:\PROJEKTY C++\BRAINTHREAD\BRAINTHREADIDE\BRAINTHREADIDE\DEBUG\SYNTAXHIGHLIGHTER.OBJ
P:\Projekty c++\Brainthread\BrainthreadIDE\BrainthreadIDE\Debug\TZRES.DLL.bi
P:\PROJEKTY C++\BRAINTHREAD\BRAINTHREADIDE\BRAINTHREADIDE\DEBUG\VC100.PDB
P:\PROJEKTY C++\BRAINTHREAD\BRAINTHREADIDE\BRAINTHREADIDE\DEBUG\WORKCONTEXTS.OBJ
P:\PROJEKTY C++\BRAINTHREAD\BRAINTHREADIDE\DEBUG\BRAINTHREADIDE.EXE
P:\Projekty c++\Brainthread\BrainthreadIDE\Debug\BrainthreadIDE.ilk
P:\Projekty c++\Brainthread\BrainthreadIDE\Debug\BrainthreadIDE.pdb
